<?xml version="1.0" encoding="UTF-8"?>
<!-- Generated by org.testng.reporters.JUnitXMLReporter -->
<testsuite ignored="0" hostname="LAPTOP-DENRBFPO" failures="0" tests="2" name="Default test(failed)" time="0.096" errors="0" timestamp="2024-03-23T13:48:25 IST">
  <testcase classname="com.actiTime.testscript.CustomerModule" name="createCustomer" time="0.022"/>
  <testcase classname="com.actiTime.testscript.CustomerModule" name="modfyCustomer" time="0.002"/>
</testsuite> <!-- Default test(failed) -->
